[  0%] Built target actionlib_msgs_generate_messages_lisp
[  0%] Built target topic_tools_generate_messages_nodejs
[  9%] Built target staticInitializer
[  9%] Built target sensor_msgs_generate_messages_eus
[  9%] Built target actionlib_generate_messages_nodejs
[ 40%] Built target dynamicInitializer
[ 40%] Built target actionlib_msgs_generate_messages_cpp
[ 40%] Built target actionlib_generate_messages_lisp
[ 40%] Built target actionlib_msgs_generate_messages_eus
[ 40%] Built target actionlib_msgs_generate_messages_nodejs
[ 40%] Built target topic_tools_generate_messages_py
[ 40%] Built target sensor_msgs_generate_messages_cpp
[ 40%] Built target tf2_msgs_generate_messages_py
[ 40%] Built target std_msgs_generate_messages_nodejs
[ 40%] Built target sensor_msgs_generate_messages_nodejs
[ 40%] Built target geometry_msgs_generate_messages_cpp
[ 40%] Built target std_msgs_generate_messages_cpp
[ 40%] Built target roscpp_generate_messages_py
[ 40%] Built target tf_generate_messages_py
[ 40%] Built target actionlib_msgs_generate_messages_py
[ 40%] Built target tf_generate_messages_lisp
[ 40%] Built target geometry_msgs_generate_messages_nodejs
[ 40%] Built target roscpp_generate_messages_cpp
[ 40%] Built target geometry_msgs_generate_messages_eus
[ 40%] Built target nodelet_generate_messages_py
[ 40%] Built target bond_generate_messages_eus
[ 40%] Built target roscpp_generate_messages_eus
[ 40%] Built target geometry_msgs_generate_messages_py
[ 40%] Built target geometry_msgs_generate_messages_lisp
[ 40%] Built target std_srvs_generate_messages_lisp
[ 40%] Built target bond_generate_messages_py
[ 40%] Built target tf_generate_messages_cpp
[ 40%] Built target std_msgs_generate_messages_lisp
[ 40%] Built target std_srvs_generate_messages_eus
[ 40%] Built target tf2_msgs_generate_messages_cpp
[ 40%] Built target pcl_msgs_generate_messages_eus
[ 40%] Built target rosgraph_msgs_generate_messages_cpp
[ 40%] Built target rosgraph_msgs_generate_messages_nodejs
[ 40%] Built target tf_generate_messages_eus
[ 40%] Built target sensor_msgs_generate_messages_py
[ 40%] Built target roscpp_generate_messages_nodejs
[ 40%] Built target pcl_msgs_generate_messages_nodejs
[ 40%] Built target std_srvs_generate_messages_nodejs
[ 40%] Built target rosgraph_msgs_generate_messages_lisp
[ 40%] Built target rosgraph_msgs_generate_messages_eus
[ 40%] Built target std_msgs_generate_messages_py
[ 40%] Built target roscpp_generate_messages_lisp
[ 40%] Built target std_msgs_generate_messages_eus
[ 40%] Built target tf_generate_messages_nodejs
[ 40%] Built target std_srvs_generate_messages_py
[ 40%] Built target actionlib_generate_messages_eus
[ 40%] Built target nodelet_generate_messages_cpp
[ 40%] Built target tf2_msgs_generate_messages_nodejs
[ 40%] Built target nav_msgs_generate_messages_py
[ 54%] Built target image_processor
[ 54%] Built target tf2_msgs_generate_messages_lisp
[ 54%] Built target nav_msgs_generate_messages_cpp
[ 54%] Built target pcl_ros_gencfg
[ 54%] Built target tf2_msgs_generate_messages_eus
[ 54%] Built target nav_msgs_generate_messages_eus
[ 54%] Built target nav_msgs_generate_messages_lisp
[ 54%] Built target nav_msgs_generate_messages_nodejs
[ 54%] Built target nodelet_generate_messages_lisp
[ 54%] Built target bond_generate_messages_cpp
[ 54%] Built target nodelet_generate_messages_nodejs
[ 54%] Built target actionlib_generate_messages_cpp
[ 54%] Built target rosgraph_msgs_generate_messages_py
[ 54%] Built target nodelet_generate_messages_eus
[ 54%] Built target bond_generate_messages_lisp
[ 54%] Built target topic_tools_generate_messages_cpp
[ 54%] Built target topic_tools_generate_messages_eus
[ 54%] Built target pcl_msgs_generate_messages_lisp
[ 54%] Built target bond_generate_messages_nodejs
[ 54%] Built target dynamic_reconfigure_generate_messages_cpp
[ 54%] Built target dynamic_reconfigure_generate_messages_eus
[ 54%] Built target pcl_msgs_generate_messages_py
[ 54%] Built target dynamic_reconfigure_generate_messages_lisp
[ 54%] Built target dynamic_reconfigure_generate_messages_nodejs
[ 54%] Built target actionlib_generate_messages_py
[ 54%] Built target dynamic_reconfigure_generate_messages_py
[ 54%] Built target dynamic_reconfigure_gencfg
[ 54%] Built target nodelet_topic_tools_gencfg
[ 54%] Built target pcl_msgs_generate_messages_cpp
[ 54%] Built target std_srvs_generate_messages_cpp
[ 54%] Built target sensor_msgs_generate_messages_lisp
[ 54%] Built target topic_tools_generate_messages_lisp
[ 63%] Built target flexibleInitializer
[ 72%] Built target estimator
[35m[1mScanning dependencies of target system_manager[0m
[ 77%] [32mBuilding CXX object CMakeFiles/system_manager.dir/src/System.cpp.o[0m
[ 81%] [32m[1mLinking CXX shared library /home/zty/workspace/LARVIO/ros_wrapper/devel/.private/larvio/lib/libsystem_manager.so[0m
[ 90%] Built target system_manager
[ 95%] [32m[1mLinking CXX shared library /home/zty/workspace/LARVIO/ros_wrapper/devel/.private/larvio/lib/libsystem_manager_nodelet.so[0m
[100%] Built target system_manager_nodelet
