[  0%] Built target topic_tools_generate_messages_nodejs
[  0%] Built target actionlib_msgs_generate_messages_lisp
[  9%] Built target staticInitializer
[  9%] Built target actionlib_generate_messages_nodejs
[  9%] Built target sensor_msgs_generate_messages_eus
[  9%] Built target actionlib_generate_messages_lisp
[  9%] Built target actionlib_msgs_generate_messages_cpp
[  9%] Built target actionlib_msgs_generate_messages_eus
[ 40%] Built target dynamicInitializer
[ 40%] Built target tf2_msgs_generate_messages_py
[ 40%] Built target topic_tools_generate_messages_py
[ 40%] Built target actionlib_msgs_generate_messages_nodejs
[ 40%] Built target sensor_msgs_generate_messages_cpp
[ 40%] Built target std_msgs_generate_messages_nodejs
[ 40%] Built target geometry_msgs_generate_messages_cpp
[ 40%] Built target std_msgs_generate_messages_cpp
[ 40%] Built target sensor_msgs_generate_messages_nodejs
[ 40%] Built target roscpp_generate_messages_py
[ 40%] Built target tf_generate_messages_py
[ 40%] Built target actionlib_msgs_generate_messages_py
[ 40%] Built target tf_generate_messages_lisp
[ 40%] Built target geometry_msgs_generate_messages_eus
[ 40%] Built target geometry_msgs_generate_messages_nodejs
[ 40%] Built target nodelet_generate_messages_py
[ 40%] Built target roscpp_generate_messages_cpp
[ 40%] Built target roscpp_generate_messages_eus
[ 40%] Built target bond_generate_messages_eus
[ 40%] Built target geometry_msgs_generate_messages_py
[ 40%] Built target geometry_msgs_generate_messages_lisp
[ 40%] Built target bond_generate_messages_py
[ 40%] Built target std_srvs_generate_messages_lisp
[ 40%] Built target tf_generate_messages_cpp
[ 40%] Built target std_msgs_generate_messages_lisp
[ 40%] Built target rosgraph_msgs_generate_messages_cpp
[ 40%] Built target std_srvs_generate_messages_eus
[ 40%] Built target pcl_msgs_generate_messages_eus
[ 40%] Built target tf2_msgs_generate_messages_cpp
[ 40%] Built target rosgraph_msgs_generate_messages_nodejs
[ 40%] Built target sensor_msgs_generate_messages_py
[ 40%] Built target roscpp_generate_messages_nodejs
[ 40%] Built target tf_generate_messages_eus
[ 40%] Built target pcl_msgs_generate_messages_nodejs
[ 40%] Built target std_srvs_generate_messages_nodejs
[ 40%] Built target rosgraph_msgs_generate_messages_eus
[ 40%] Built target rosgraph_msgs_generate_messages_lisp
[ 40%] Built target roscpp_generate_messages_lisp
[ 40%] Built target std_msgs_generate_messages_py
[ 40%] Built target tf_generate_messages_nodejs
[ 40%] Built target std_srvs_generate_messages_py
[ 40%] Built target std_msgs_generate_messages_eus
[ 40%] Built target actionlib_generate_messages_eus
[35m[1mScanning dependencies of target image_processor[0m
[ 40%] Built target nodelet_generate_messages_cpp
[ 40%] Built target nav_msgs_generate_messages_py
[ 40%] Built target tf2_msgs_generate_messages_nodejs
[ 40%] Built target tf2_msgs_generate_messages_lisp
[ 40%] Built target nav_msgs_generate_messages_cpp
[ 45%] [32mBuilding CXX object CMakeFiles/image_processor.dir/home/zty/workspace/LARVIO/src/image_processor.cpp.o[0m
[ 45%] Built target pcl_ros_gencfg
[ 45%] Built target nav_msgs_generate_messages_eus
[ 45%] Built target tf2_msgs_generate_messages_eus
[ 45%] Built target nav_msgs_generate_messages_lisp
[ 45%] Built target nav_msgs_generate_messages_nodejs
[ 45%] Built target nodelet_generate_messages_lisp
[ 45%] Built target nodelet_generate_messages_nodejs
[ 45%] Built target bond_generate_messages_cpp
[ 45%] Built target actionlib_generate_messages_cpp
[ 45%] Built target rosgraph_msgs_generate_messages_py
[ 45%] Built target bond_generate_messages_lisp
[ 45%] Built target nodelet_generate_messages_eus
[ 45%] Built target topic_tools_generate_messages_cpp
[ 45%] Built target topic_tools_generate_messages_eus
[ 45%] Built target pcl_msgs_generate_messages_lisp
[ 45%] Built target dynamic_reconfigure_generate_messages_cpp
[ 45%] Built target bond_generate_messages_nodejs
[ 45%] Built target pcl_msgs_generate_messages_py
[ 45%] Built target dynamic_reconfigure_generate_messages_eus
[ 45%] Built target dynamic_reconfigure_generate_messages_lisp
[ 45%] Built target dynamic_reconfigure_generate_messages_nodejs
[ 45%] Built target actionlib_generate_messages_py
[ 45%] Built target dynamic_reconfigure_generate_messages_py
[ 45%] Built target dynamic_reconfigure_gencfg
[ 45%] Built target pcl_msgs_generate_messages_cpp
[ 45%] Built target nodelet_topic_tools_gencfg
[ 45%] Built target std_srvs_generate_messages_cpp
[ 45%] Built target topic_tools_generate_messages_lisp
[ 45%] Built target sensor_msgs_generate_messages_lisp
[ 54%] Built target flexibleInitializer
[ 63%] Built target estimator
[01m[K/home/zty/workspace/LARVIO/src/image_processor.cpp:[m[K In member function ‘[01m[Kvoid larvio::ImageProcessor::publish()[m[K’:
[01m[K/home/zty/workspace/LARVIO/src/image_processor.cpp:1193:22:[m[K [01;31m[Kerror: [m[Ktoo few arguments to function ‘[01m[Kstd::ios_base& std::fixed(std::ios_base&)[m[K’
     cout<<std::fixed()<<std::setprecision(13)<<curr_img_time<<" "<<features_num<<endl;
[01;32m[K                      ^[m[K
In file included from [01m[K/usr/include/c++/5/ios:42:0[m[K,
                 from [01m[K/usr/include/c++/5/ostream:38[m[K,
                 from [01m[K/usr/include/c++/5/iostream:39[m[K,
                 from [01m[K/home/zty/workspace/LARVIO/src/image_processor.cpp:11[m[K:
[01m[K/usr/include/c++/5/bits/ios_base.h:1041:3:[m[K [01;36m[Knote: [m[Kdeclared here
   fixed(ios_base& __base)
[01;32m[K   ^[m[K
CMakeFiles/image_processor.dir/build.make:62: recipe for target 'CMakeFiles/image_processor.dir/home/zty/workspace/LARVIO/src/image_processor.cpp.o' failed
make[2]: *** [CMakeFiles/image_processor.dir/home/zty/workspace/LARVIO/src/image_processor.cpp.o] Error 1
CMakeFiles/Makefile2:1926: recipe for target 'CMakeFiles/image_processor.dir/all' failed
make[1]: *** [CMakeFiles/image_processor.dir/all] Error 2
Makefile:138: recipe for target 'all' failed
make: *** [all] Error 2
